2011-11-01 00:24:20 [14204] [INFO] Starting gunicorn 0.13.4
2011-11-01 00:24:20 [14204] [INFO] Listening at: unix:/home/mpatlas/projects/django_mpatlas/mpatlas/deploy/gunicorn.sock (14204)
2011-11-01 00:24:20 [14204] [INFO] Using worker: gevent
2011-11-01 00:24:20 [14211] [INFO] Booting worker with pid: 14211
2011-11-01 00:24:20 [14212] [INFO] Booting worker with pid: 14212
2011-11-01 00:24:20 [14211] [INFO] Made Psycopg Green
2011-11-01 00:24:20 [14212] [INFO] Made Psycopg Green
2011-11-01 00:25:13 [14292] [INFO] Starting gunicorn 0.13.4
2011-11-01 00:25:13 [14292] [INFO] Listening at: unix:/home/mpatlas/projects/django_mpatlas/mpatlas/deploy/gunicorn.sock (14292)
2011-11-01 00:25:13 [14292] [INFO] Using worker: gevent
2011-11-01 00:25:13 [14307] [INFO] Booting worker with pid: 14307
2011-11-01 00:25:13 [14308] [INFO] Booting worker with pid: 14308
2011-11-01 00:25:13 [14308] [INFO] Made Psycopg Green
2011-11-01 00:25:13 [14307] [INFO] Made Psycopg Green
2011-11-01 00:35:28 [14792] [INFO] Starting gunicorn 0.13.4
2011-11-01 00:35:28 [14792] [INFO] Listening at: unix:/home/mpatlas/projects/django_mpatlas/mpatlas/deploy/gunicorn.sock (14792)
2011-11-01 00:35:28 [14792] [INFO] Using worker: gevent
2011-11-01 00:35:28 [14799] [INFO] Booting worker with pid: 14799
2011-11-01 00:35:28 [14800] [INFO] Booting worker with pid: 14800
2011-11-01 00:35:29 [14799] [INFO] Made Psycopg Green
2011-11-01 00:35:29 [14800] [INFO] Made Psycopg Green
